time="2017-12-12T22:07:35Z" level=info msg="Running test case." test-case=100_exit
time="2017-12-12T22:07:35Z" level=info msg="Finished test case." test-case=100_exit
time="2017-12-12T22:07:35Z" level=info msg="Starting grading case." test-case=100_exit
time="2017-12-12T22:07:35Z" level=info msg="Finished grading case." earned=2 notes="Full Credit" possible=2 test-case=100_exit
time="2017-12-12T22:07:35Z" level=info msg="Running test case." test-case=101_help
time="2017-12-12T22:07:36Z" level=info msg="Finished test case." test-case=101_help
time="2017-12-12T22:07:36Z" level=info msg="Starting grading case." test-case=101_help
time="2017-12-12T22:07:36Z" level=info msg="Finished grading case." earned=2 notes="Full Credit" possible=2 test-case=101_help
time="2017-12-12T22:07:36Z" level=info msg="Running test case." test-case=102_pwd
time="2017-12-12T22:07:37Z" level=info msg="Finished test case." test-case=102_pwd
time="2017-12-12T22:07:37Z" level=info msg="Starting grading case." test-case=102_pwd
time="2017-12-12T22:07:37Z" level=info msg="Finished grading case." earned=3 notes="Full Credit" possible=3 test-case=102_pwd
time="2017-12-12T22:07:37Z" level=info msg="Running test case." test-case=103_chdir
time="2017-12-12T22:07:38Z" level=info msg="Finished test case." test-case=103_chdir
time="2017-12-12T22:07:38Z" level=info msg="Starting grading case." test-case=103_chdir
time="2017-12-12T22:07:38Z" level=info msg="Finished grading case." earned=3 notes="Full Credit" possible=3 test-case=103_chdir
time="2017-12-12T22:07:38Z" level=info msg="Running test case." test-case=104_chdir_not_found
time="2017-12-12T22:07:38Z" level=info msg="Finished test case." test-case=104_chdir_not_found
time="2017-12-12T22:07:38Z" level=info msg="Starting grading case." test-case=104_chdir_not_found
time="2017-12-12T22:07:38Z" level=info msg="Finished grading case." earned=0 notes="No Credit; Output doesnt match: expected regex = sfishbuiltinerror:.+, got = sfish:cd:" possible=3 test-case=104_chdir_not_found
time="2017-12-12T22:07:38Z" level=info msg="Running test case." test-case=200_hello
time="2017-12-12T22:07:39Z" level=info msg="Finished test case." test-case=200_hello
time="2017-12-12T22:07:39Z" level=info msg="Starting grading case." test-case=200_hello
time="2017-12-12T22:07:51Z" level=info msg="Finished grading case." earned=6 notes="Full Credit" possible=6 test-case=200_hello
time="2017-12-12T22:07:51Z" level=info msg="Running test case." test-case=201_hello_from_path
time="2017-12-12T22:07:51Z" level=info msg="Finished test case." test-case=201_hello_from_path
time="2017-12-12T22:07:51Z" level=info msg="Starting grading case." test-case=201_hello_from_path
time="2017-12-12T22:07:51Z" level=info msg="Finished grading case." earned=6 notes="Full Credit" possible=6 test-case=201_hello_from_path
time="2017-12-12T22:07:51Z" level=info msg="Running test case." test-case=202_echo
time="2017-12-12T22:07:52Z" level=info msg="Finished test case." test-case=202_echo
time="2017-12-12T22:07:52Z" level=info msg="Starting grading case." test-case=202_echo
time="2017-12-12T22:07:53Z" level=info msg="Finished grading case." earned=6 notes="Full Credit" possible=6 test-case=202_echo
time="2017-12-12T22:07:53Z" level=info msg="Running test case." test-case=203_cat
time="2017-12-12T22:07:53Z" level=info msg="Finished test case." test-case=203_cat
time="2017-12-12T22:07:53Z" level=info msg="Starting grading case." test-case=203_cat
time="2017-12-12T22:07:54Z" level=info msg="Finished grading case." earned=6 notes="Full Credit" possible=6 test-case=203_cat
time="2017-12-12T22:07:54Z" level=info msg="Running test case." test-case=204_exec_not_found
time="2017-12-12T22:07:55Z" level=info msg="Finished test case." test-case=204_exec_not_found
time="2017-12-12T22:07:55Z" level=info msg="Starting grading case." test-case=204_exec_not_found
time="2017-12-12T22:07:55Z" level=info msg="Finished grading case." earned=6 notes="Full Credit" possible=6 test-case=204_exec_not_found
time="2017-12-12T22:07:55Z" level=info msg="Running test case." test-case=300_output_redirection
time="2017-12-12T22:07:55Z" level=info msg="Finished test case." test-case=300_output_redirection
time="2017-12-12T22:07:55Z" level=info msg="Starting grading case." test-case=300_output_redirection
time="2017-12-12T22:07:56Z" level=info msg="Finished grading case." earned=3 notes="Full Credit" possible=3 test-case=300_output_redirection
time="2017-12-12T22:07:56Z" level=info msg="Running test case." test-case=301_input_redirection
time="2017-12-12T22:07:56Z" level=info msg="Finished test case." test-case=301_input_redirection
time="2017-12-12T22:07:56Z" level=info msg="Starting grading case." test-case=301_input_redirection
time="2017-12-12T22:07:56Z" level=info msg="Finished grading case." earned=3 notes="Full Credit" possible=3 test-case=301_input_redirection
time="2017-12-12T22:07:56Z" level=info msg="Running test case." test-case=302_input_output_redirection
time="2017-12-12T22:07:57Z" level=info msg="Finished test case." test-case=302_input_output_redirection
time="2017-12-12T22:07:57Z" level=info msg="Starting grading case." test-case=302_input_output_redirection
time="2017-12-12T22:07:57Z" level=info msg="Finished grading case." earned=3 notes="Full Credit" possible=3 test-case=302_input_output_redirection
time="2017-12-12T22:07:57Z" level=info msg="Running test case." test-case=303_double_output_redirection
time="2017-12-12T22:07:58Z" level=info msg="Finished test case." test-case=303_double_output_redirection
time="2017-12-12T22:07:58Z" level=info msg="Starting grading case." test-case=303_double_output_redirection
time="2017-12-12T22:07:58Z" level=info msg="Finished grading case." earned=1 notes="Full Credit" possible=1 test-case=303_double_output_redirection
time="2017-12-12T22:07:58Z" level=info msg="Running test case." test-case=304_double_input_redirection
time="2017-12-12T22:07:59Z" level=info msg="Finished test case." test-case=304_double_input_redirection
time="2017-12-12T22:07:59Z" level=info msg="Starting grading case." test-case=304_double_input_redirection
time="2017-12-12T22:07:59Z" level=info msg="Finished grading case." earned=1 notes="Full Credit" possible=1 test-case=304_double_input_redirection
time="2017-12-12T22:07:59Z" level=info msg="Running test case." test-case=305_help_redirection
time="2017-12-12T22:07:59Z" level=info msg="Finished test case." test-case=305_help_redirection
time="2017-12-12T22:07:59Z" level=info msg="Starting grading case." test-case=305_help_redirection
time="2017-12-12T22:08:00Z" level=info msg="Finished grading case." earned=0 notes="No Credit; Output doesnt match: expected regex = .+, got = ; Output doesnt match: expected regex = , got = Theseshellcommandsaredefinediternally.Type'help'toseethislist.Type'helpname'tofindoutmoreaboutfunction'name'.cd[dir]exit[n]pwd[-LP]help[-d]" possible=2 test-case=305_help_redirection
time="2017-12-12T22:08:00Z" level=info msg="Running test case." test-case=306_pwd_redirection
time="2017-12-12T22:08:01Z" level=info msg="Finished test case." test-case=306_pwd_redirection
time="2017-12-12T22:08:01Z" level=info msg="Starting grading case." test-case=306_pwd_redirection
time="2017-12-12T22:08:01Z" level=info msg="Finished grading case." earned=2 notes="Full Credit" possible=2 test-case=306_pwd_redirection
time="2017-12-12T22:08:01Z" level=info msg="Running test case." test-case=307_single_pipe
time="2017-12-12T22:08:02Z" level=info msg="Finished test case." test-case=307_single_pipe
time="2017-12-12T22:08:02Z" level=info msg="Starting grading case." test-case=307_single_pipe
time="2017-12-12T22:08:02Z" level=info msg="Finished grading case." earned=2 notes="Full Credit" possible=2 test-case=307_single_pipe
time="2017-12-12T22:08:02Z" level=info msg="Running test case." test-case=308_multiple_pipes
time="2017-12-12T22:08:04Z" level=info msg="Finished test case." test-case=308_multiple_pipes
time="2017-12-12T22:08:04Z" level=info msg="Starting grading case." test-case=308_multiple_pipes
time="2017-12-12T22:08:04Z" level=info msg="Finished grading case." earned=2 notes="Full Credit" possible=2 test-case=308_multiple_pipes
time="2017-12-12T22:08:04Z" level=info msg="Running test case." test-case=309_bad_syntax_1
time="2017-12-12T22:08:05Z" level=info msg="Finished test case." test-case=309_bad_syntax_1
time="2017-12-12T22:08:05Z" level=info msg="Starting grading case." test-case=309_bad_syntax_1
time="2017-12-12T22:08:05Z" level=info msg="Finished grading case." earned=0 notes="No Credit; Output doesnt match: expected regex = sfishsyntaxerror:.+, got = sfish:>out.txt:commandnotfound" possible=1 test-case=309_bad_syntax_1
time="2017-12-12T22:08:05Z" level=info msg="Running test case." test-case=310_bad_syntax_2
time="2017-12-12T22:08:06Z" level=info msg="Finished test case." test-case=310_bad_syntax_2
time="2017-12-12T22:08:06Z" level=info msg="Starting grading case." test-case=310_bad_syntax_2
time="2017-12-12T22:08:06Z" level=info msg="Finished grading case." earned=0 notes="No Credit; Output doesnt match: expected regex = sfishsyntaxerror:.+, got = sfish:<in.txt:commandnotfound" possible=1 test-case=310_bad_syntax_2
time="2017-12-12T22:08:06Z" level=info msg="Running test case." test-case=311_bad_syntax_3
time="2017-12-12T22:08:07Z" level=info msg="Finished test case." test-case=311_bad_syntax_3
time="2017-12-12T22:08:07Z" level=info msg="Starting grading case." test-case=311_bad_syntax_3
time="2017-12-12T22:08:07Z" level=info msg="Finished grading case." earned=0 notes="No Credit; Output doesnt match: expected regex = sfishsyntaxerror:.+, got = sfish:echo:commandnotfound" possible=1 test-case=311_bad_syntax_3
time="2017-12-12T22:08:07Z" level=info msg="Running test case." test-case=312_bad_syntax_4
time="2017-12-12T22:08:08Z" level=info msg="Finished test case." test-case=312_bad_syntax_4
time="2017-12-12T22:08:08Z" level=info msg="Starting grading case." test-case=312_bad_syntax_4
time="2017-12-12T22:08:08Z" level=info msg="Finished grading case." earned=1 notes="Full Credit" possible=1 test-case=312_bad_syntax_4
time="2017-12-12T22:08:08Z" level=info msg="Running test case." test-case=313_bad_syntax_5
time="2017-12-12T22:08:08Z" level=info msg="Finished test case." test-case=313_bad_syntax_5
time="2017-12-12T22:08:08Z" level=info msg="Starting grading case." test-case=313_bad_syntax_5
time="2017-12-12T22:08:08Z" level=info msg="Finished grading case." earned=1 notes="Full Credit" possible=1 test-case=313_bad_syntax_5
time="2017-12-12T22:08:08Z" level=info msg="Running test case." test-case=314_bad_syntax_6
time="2017-12-12T22:08:09Z" level=info msg="Finished test case." test-case=314_bad_syntax_6
time="2017-12-12T22:08:09Z" level=info msg="Starting grading case." test-case=314_bad_syntax_6
time="2017-12-12T22:08:09Z" level=info msg="Finished grading case." earned=1 notes="Full Credit" possible=1 test-case=314_bad_syntax_6
time="2017-12-12T22:08:09Z" level=info msg="Running test case." test-case=315_bad_syntax_7
time="2017-12-12T22:08:09Z" level=info msg="Finished test case." test-case=315_bad_syntax_7
time="2017-12-12T22:08:09Z" level=info msg="Starting grading case." test-case=315_bad_syntax_7
time="2017-12-12T22:08:09Z" level=info msg="Finished grading case." earned=0 notes="No Credit; Output doesnt match: expected regex = sfishsyntaxerror:.+, got = " possible=1 test-case=315_bad_syntax_7
time="2017-12-12T22:08:09Z" level=info msg="Running test case." test-case=316_piped_exec_error_1
time="2017-12-12T22:08:10Z" level=info msg="Finished test case." test-case=316_piped_exec_error_1
time="2017-12-12T22:08:10Z" level=info msg="Starting grading case." test-case=316_piped_exec_error_1
time="2017-12-12T22:08:10Z" level=info msg="Finished grading case." earned=1 notes="Full Credit" possible=1 test-case=316_piped_exec_error_1
time="2017-12-12T22:08:10Z" level=info msg="Running test case." test-case=317_piped_exec_error_2
time="2017-12-12T22:08:11Z" level=info msg="Finished test case." test-case=317_piped_exec_error_2
time="2017-12-12T22:08:11Z" level=info msg="Starting grading case." test-case=317_piped_exec_error_2
time="2017-12-12T22:08:12Z" level=info msg="Finished grading case." earned=1 notes="Full Credit" possible=1 test-case=317_piped_exec_error_2
time="2017-12-12T22:08:12Z" level=info msg="Running test case." test-case=600_more_redirection_options
time="2017-12-12T22:08:13Z" level=info msg="Finished test case." test-case=600_more_redirection_options
time="2017-12-12T22:08:13Z" level=info msg="Starting grading case." test-case=600_more_redirection_options
time="2017-12-12T22:08:13Z" level=info msg="Finished grading case." earned=0 notes="No Credit; Expected creation of file named out.txt but no such file found; Output doesnt match: expected regex = LOREmIPSUmAmET, got = sfishsyntaxerror:|sfish:cat:commandnotfound" possible=5 test-case=600_more_redirection_options
time="2017-12-12T22:08:13Z" level=info msg="Running test case." test-case=601_command_substitution
time="2017-12-12T22:08:14Z" level=warning msg="Process terminated with error." error="exit status 134" phase=execution test-case=601_command_substitution
time="2017-12-12T22:08:14Z" level=info msg="Finished test case." test-case=601_command_substitution
time="2017-12-12T22:08:14Z" level=info msg="Starting grading case." test-case=601_command_substitution
time="2017-12-12T22:08:14Z" level=info msg="Finished grading case." earned=0 notes="No Credit; Output doesnt match: expected regex = helloworldhelloipsumdolorsitamet, got = `echohelloworld`" possible=5 test-case=601_command_substitution
time="2017-12-12T22:08:14Z" level=info msg="--- GRADING COMPLETE ---"
